行 11: 控件 PM 的类 P控件集.PUIMgr 不是一个已加载的控件类。
行 17: 控件 PUI 的类 P控件集.PUIMgr 不是一个已加载的控件类。
行 23: 控件 PBBig 的类 P控件集.PButton 不是一个已加载的控件类。
行 75: 控件 PBClose 的类 P控件集.PButton 不是一个已加载的控件类。
行 94: 控件 PBSmall 的类 P控件集.PButton 不是一个已加载的控件类。
行 112: 控件 PUI2 的类 P控件集.PUIMgr 不是一个已加载的控件类。
行 14: 属性名 _ExtentX 在 PM 中是无效的。
行 15: 属性名 _ExtentY 在 PM 中是无效的。
行 20: 属性名 _ExtentX 在 PUI 中是无效的。
行 21: 属性名 _ExtentY 在 PUI 中是无效的。
行 29: 属性名 _ExtentX 在 PBBig 中是无效的。
行 30: 属性名 _ExtentY 在 PBBig 中是无效的。
行 31: 属性名 Color_Back 在 PBBig 中是无效的。
行 32: 属性名 Color_Back_Down 在 PBBig 中是无效的。
行 33: 属性名 Color_Begin 在 PBBig 中是无效的。
行 34: 属性名 Color_End 在 PBBig 中是无效的。
行 35: 属性名 Color_Text 在 PBBig 中是无效的。
行 36: 属性名 Text 在 PBBig 中是无效的。
行 37: 属性名 Font_Name 在 PBBig 中是无效的。
行 38: 属性名 Font_Size 在 PBBig 中是无效的。
行 39: 属性名 Style_Border 在 PBBig 中是无效的。
行 40: 属性名 Can_Text_Move 在 PBBig 中是无效的。
行 81: 属性名 _ExtentX 在 PBClose 中是无效的。
行 82: 属性名 _ExtentY 在 PBClose 中是无效的。
行 83: 属性名 Color_Back 在 PBClose 中是无效的。
行 84: 属性名 Color_Back_Down 在 PBClose 中是无效的。
行 85: 属性名 Color_Begin 在 PBClose 中是无效的。
行 86: 属性名 Color_End 在 PBClose 中是无效的。
行 87: 属性名 Color_Text 在 PBClose 中是无效的。
行 88: 属性名 Text 在 PBClose 中是无效的。
行 89: 属性名 Font_Size 在 PBClose 中是无效的。
行 90: 属性名 Style_Border 在 PBClose 中是无效的。
行 91: 属性名 Can_Text_Move 在 PBClose 中是无效的。
行 92: 属性名 Text_Deviate_Y 在 PBClose 中是无效的。
行 100: 属性名 _ExtentX 在 PBSmall 中是无效的。
行 101: 属性名 _ExtentY 在 PBSmall 中是无效的。
行 102: 属性名 Color_Back 在 PBSmall 中是无效的。
行 103: 属性名 Color_Back_Down 在 PBSmall 中是无效的。
行 104: 属性名 Color_Begin 在 PBSmall 中是无效的。
行 105: 属性名 Color_End 在 PBSmall 中是无效的。
行 106: 属性名 Color_Text 在 PBSmall 中是无效的。
行 107: 属性名 Text 在 PBSmall 中是无效的。
行 108: 属性名 Font_Size 在 PBSmall 中是无效的。
行 109: 属性名 Style_Border 在 PBSmall 中是无效的。
行 110: 属性名 Can_Text_Move 在 PBSmall 中是无效的。
行 115: 属性名 _ExtentX 在 PUI2 中是无效的。
行 116: 属性名 _ExtentY 在 PUI2 中是无效的。
